Running wallpaper script at Mo 15. Dez 20:13:31 CET 2025
Assigned /home/sid/Documents/nextcloud/Bilder/wallpaper/blue galaxy.jpg to HDMI-A-2
Assigned /home/sid/Documents/nextcloud/Bilder/wallpaper/Andromeda Galaxy.png to DP-6
Assigned /home/sid/Documents/nextcloud/Bilder/wallpaper/kanaga_wave_moon.jpg to virtual
Restarting hyprpaper...
[LOG] Welcome to hyprpaper!
built from commit  ()
[LOG] Using config location /home/sid/.config/hypr/hyprpaper.conf.
[LOG] Preloaded target /home/sid/Documents/nextcloud/Bilder/wallpaper/blue galaxy.jpg in 42.38ms -> Pixel size: [3840, 2160]
[LOG] Preloaded target /home/sid/Documents/nextcloud/Bilder/wallpaper/Andromeda Galaxy.png in 183.15ms -> Pixel size: [5120, 2880]
[LOG] Preloaded target /home/sid/Documents/nextcloud/Bilder/wallpaper/kanaga_wave_moon.jpg in 65.30ms -> Pixel size: [3840, 2160]
[LOG] Buffer created for target /home/sid/Documents/nextcloud/Bilder/wallpaper/Andromeda Galaxy.png, Shared Memory usage: 8.3MB
[LOG] hyprpaper socket started at /run/user/1000/hypr/967c3c7404d4fa00234e29c70df3e263386d2597_1765826007_571932837/.hyprpaper.sock (fd: 5)
[LOG] Buffer created for target /home/sid/Documents/nextcloud/Bilder/wallpaper/Andromeda Galaxy.png, Shared Memory usage: 14.7MB
[LOG] Buffer created for target /home/sid/Documents/nextcloud/Bilder/wallpaper/kanaga_wave_moon.jpg, Shared Memory usage: 8.3MB
[LOG] Buffer created for target /home/sid/Documents/nextcloud/Bilder/wallpaper/kanaga_wave_moon.jpg, Shared Memory usage: 14.7MB
[LOG] Buffer created for target /home/sid/Documents/nextcloud/Bilder/wallpaper/blue galaxy.jpg, Shared Memory usage: 8.3MB
[LOG] Buffer created for target /home/sid/Documents/nextcloud/Bilder/wallpaper/blue galaxy.jpg, Shared Memory usage: 14.7MB
[LOG] Total SM usage for all buffers: 69.1MB
[LOG] configure for HDMI-A-2
[LOG] configure for HDMI-A-2
[LOG] configure for DP-6
[LOG] configure for DP-6
[LOG] configure for virtual
[LOG] configure for virtual
[LOG] Image data for HDMI-A-2: /home/sid/Documents/nextcloud/Bilder/wallpaper/blue galaxy.jpg at [-0.00, 0.00], scale: 0.50 (original image size: [3840, 2160])
[LOG] Submitting viewport dest size 1920x1080 for 55805db106b0
[LOG] Image data for DP-6: /home/sid/Documents/nextcloud/Bilder/wallpaper/Andromeda Galaxy.png at [-0.00, 0.00], scale: 0.50 (original image size: [5120, 2880])
[LOG] Submitting viewport dest size 2560x1440 for 55805db10a70
[LOG] Image data for virtual: /home/sid/Documents/nextcloud/Bilder/wallpaper/kanaga_wave_moon.jpg at [-0.00, 0.00], scale: 0.50 (original image size: [3840, 2160])
[LOG] Submitting viewport dest size 1920x1080 for 55805db10f80
[LOG] handlePreferredScale: 1.00 for 55805db106b0
[LOG] handlePreferredScale: 1.00 for 55805db10a70
[LOG] handlePreferredScale: 1.00 for 55805db10f80
